<?xml version="1.0" encoding="UTF-8"?>
<testng-results skipped="0" failed="0" ignored="0" total="1" passed="1">
  <reporter-output>
  </reporter-output>
  <suite name="Default suite" duration-ms="1076" started-at="2020-08-05T15:53:17Z" finished-at="2020-08-05T15:53:18Z">
    <groups>
    </groups>
    <test name="Default test" duration-ms="1076" started-at="2020-08-05T15:53:17Z" finished-at="2020-08-05T15:53:18Z">
      <class name="packageone.Sumvalidationone">
        <test-method status="PASS" signature="sumOfCourses()[pri:0, instance:packageone.Sumvalidationone@4cc0edeb]" name="sumOfCourses" duration-ms="1058" started-at="2020-08-05T15:53:17Z" finished-at="2020-08-05T15:53:18Z">
          <reporter-output>
          </reporter-output>
        </test-method> <!-- sumOfCourses -->
      </class> <!-- packageone.Sumvalidationone -->
    </test> <!-- Default test -->
  </suite> <!-- Default suite -->
</testng-results>
